<?xml version="1.0" encoding="UTF-8"?>
<!-- Generated by org.testng.reporters.JUnitReportReporter -->
<testsuite hostname="DESKTOP-GR76LI8" failures="0" tests="2" name="com.bat.BscicAutomation.Test.LoginTest" time="9.258" errors="0" timestamp="2021-08-10T17:07:41 BDT" skipped="0">
  <testcase classname="com.bat.BscicAutomation.Test.LoginTest" name="logintest" time="1.034"/>
  <system-out/>
  <testcase classname="com.bat.BscicAutomation.Test.LoginTest" name="homepagetitleverify" time="8.224"/>
  <system-out/>
</testsuite> <!-- com.bat.BscicAutomation.Test.LoginTest -->
