<?xml version="1.0" encoding="UTF-8"?>
<!-- Generated by org.testng.reporters.JUnitReportReporter -->
<testsuite hostname="DESKTOP-GR76LI8" failures="0" tests="2" name="com.bat.BscicAutomation.Test.LoginTest" time="86.769" errors="0" timestamp="2021-08-19T13:29:45 BDT" skipped="0">
  <testcase classname="com.bat.BscicAutomation.Test.LoginTest" name="homepagetitleverify" time="85.125"/>
  <system-out/>
  <testcase classname="com.bat.BscicAutomation.Test.LoginTest" name="logintest" time="1.644"/>
  <system-out/>
</testsuite> <!-- com.bat.BscicAutomation.Test.LoginTest -->
