<?xml version="1.0" encoding="UTF-8"?>
<!-- Generated by org.testng.reporters.JUnitReportReporter -->
<testsuite hostname="DESKTOP-GR76LI8" failures="0" tests="2" name="com.bat.BscicAutomation.Test.ShilpoNibondhon" time="11.541" errors="0" timestamp="2021-08-10T17:07:41 BDT" skipped="0">
  <testcase classname="com.bat.BscicAutomation.Test.ShilpoNibondhon" name="applicationRegistry" time="2.906"/>
  <system-out/>
  <testcase classname="com.bat.BscicAutomation.Test.ShilpoNibondhon" name="buttonVerifyAndClick" time="8.635"/>
  <system-out/>
</testsuite> <!-- com.bat.BscicAutomation.Test.ShilpoNibondhon -->
