<?xml version="1.0" encoding="UTF-8"?>
<!-- Generated by org.testng.reporters.JUnitReportReporter -->
<testsuite hostname="DESKTOP-GR76LI8" failures="0" tests="3" name="com.bat.BscicAutomation.Test.ShilpoNibondhon" time="77.704" errors="0" timestamp="2021-08-11T12:51:34 BDT" skipped="0">
  <testcase classname="com.bat.BscicAutomation.Test.ShilpoNibondhon" name="industrialRegistrationForm" time="67.030"/>
  <system-out/>
  <testcase classname="com.bat.BscicAutomation.Test.ShilpoNibondhon" name="homePageButtonVerifyAndClick" time="7.637"/>
  <system-out/>
  <testcase classname="com.bat.BscicAutomation.Test.ShilpoNibondhon" name="goIndustrialRegistrationForm" time="3.037"/>
  <system-out/>
</testsuite> <!-- com.bat.BscicAutomation.Test.ShilpoNibondhon -->
