<?xml version="1.0" encoding="UTF-8"?>
<!-- Generated by org.testng.reporters.JUnitReportReporter -->
<testsuite hostname="DESKTOP-GR76LI8" failures="0" tests="3" name="com.bat.BscicAutomation.Test.ShilpoNibondhon" time="69.804" errors="0" timestamp="2021-08-19T13:29:45 BDT" skipped="0">
  <testcase classname="com.bat.BscicAutomation.Test.ShilpoNibondhon" name="goIndustrialRegistrationForm" time="3.575"/>
  <system-out/>
  <testcase classname="com.bat.BscicAutomation.Test.ShilpoNibondhon" name="industrialRegistrationForm" time="54.479"/>
  <system-out/>
  <testcase classname="com.bat.BscicAutomation.Test.ShilpoNibondhon" name="homePageButtonVerifyAndClick" time="11.750"/>
  <system-out/>
</testsuite> <!-- com.bat.BscicAutomation.Test.ShilpoNibondhon -->
