<?xml version="1.0" encoding="UTF-8"?>
<!-- Generated by org.testng.reporters.JUnitReportReporter -->
<testsuite hostname="DESKTOP-GR76LI8" failures="0" tests="3" name="com.bat.BscicAutomation.Test.ShilpoNibondhon" time="78.690" errors="0" timestamp="2021-08-11T12:35:07 BDT" skipped="0">
  <testcase classname="com.bat.BscicAutomation.Test.ShilpoNibondhon" name="industrialRegistrationForm" time="67.626"/>
  <system-out/>
  <testcase classname="com.bat.BscicAutomation.Test.ShilpoNibondhon" name="homePageButtonVerifyAndClick" time="7.830"/>
  <system-out/>
  <testcase classname="com.bat.BscicAutomation.Test.ShilpoNibondhon" name="goIndustrialRegistrationForm" time="3.234"/>
  <system-out/>
</testsuite> <!-- com.bat.BscicAutomation.Test.ShilpoNibondhon -->
